2023-11-04 16:41:57.414  INFO 16212 --- [main] com.example.demo.SareetaApplication      : Starting SareetaApplication on LAPTOP-979V3GD4 with PID 16212 (started by ADMIN ASUS in C:\Users\ADMIN ASUS\Downloads\Project4\nd035-c4-Security-and-DevOps-master\nd035-c4-Security-and-DevOps-master)
2023-11-04 16:41:57.430  INFO 16212 --- [main] com.example.demo.SareetaApplication      : No active profile set, falling back to default profiles: default
2023-11-04 16:41:58.678  INFO 16212 --- [main] .s.d.r.c.RepositoryConfigurationDelegate : Bootstrapping Spring Data repositories in DEFAULT mode.
2023-11-04 16:41:58.844  INFO 16212 --- [main] .s.d.r.c.RepositoryConfigurationDelegate : Finished Spring Data repository scanning in 146ms. Found 4 repository interfaces.
2023-11-04 16:41:59.950  INFO 16212 --- [main] trationDelegate$BeanPostProcessorChecker : Bean 'org.springframework.transaction.annotation.ProxyTransactionManagementConfiguration' of type [org.springframework.transaction.annotation.ProxyTransactionManagementConfiguration$$EnhancerBySpringCGLIB$$97c277ec] is not eligible for getting processed by all BeanPostProcessors (for example: not eligible for auto-proxying)
2023-11-04 16:42:00.704  INFO 16212 --- [main] o.s.b.w.embedded.tomcat.TomcatWebServer  : Tomcat initialized with port(s): 8080 (http)
2023-11-04 16:42:00.774  INFO 16212 --- [main] o.apache.catalina.core.StandardService   : Starting service [Tomcat]
2023-11-04 16:42:00.775  INFO 16212 --- [main] org.apache.catalina.core.StandardEngine  : Starting Servlet engine: [Apache Tomcat/9.0.19]
2023-11-04 16:42:01.167  INFO 16212 --- [main] o.a.c.c.C.[Tomcat].[localhost].[/]       : Initializing Spring embedded WebApplicationContext
2023-11-04 16:42:01.168  INFO 16212 --- [main] o.s.web.context.ContextLoader            : Root WebApplicationContext: initialization completed in 3551 ms
2023-11-04 16:42:01.529  INFO 16212 --- [main] com.zaxxer.hikari.HikariDataSource       : HikariPool-1 - Starting...
2023-11-04 16:42:01.725  INFO 16212 --- [main] com.zaxxer.hikari.HikariDataSource       : HikariPool-1 - Start completed.
2023-11-04 16:42:01.820  INFO 16212 --- [main] o.hibernate.jpa.internal.util.LogHelper  : HHH000204: Processing PersistenceUnitInfo [
	name: default
	...]
2023-11-04 16:42:01.984  INFO 16212 --- [main] org.hibernate.Version                    : HHH000412: Hibernate Core {5.3.10.Final}
2023-11-04 16:42:01.988  INFO 16212 --- [main] org.hibernate.cfg.Environment            : HHH000206: hibernate.properties not found
2023-11-04 16:42:02.363  INFO 16212 --- [main] o.hibernate.annotations.common.Version   : HCANN000001: Hibernate Commons Annotations {5.0.4.Final}
2023-11-04 16:42:02.650  INFO 16212 --- [main] org.hibernate.dialect.Dialect            : HHH000400: Using dialect: org.hibernate.dialect.H2Dialect
2023-11-04 16:42:03.941  INFO 16212 --- [main] j.LocalContainerEntityManagerFactoryBean : Initialized JPA EntityManagerFactory for persistence unit 'default'
2023-11-04 16:42:05.095  INFO 16212 --- [main] o.s.s.web.DefaultSecurityFilterChain     : Creating filter chain: any request, [org.springframework.security.web.context.request.async.WebAsyncManagerIntegrationFilter@f60c14e, org.springframework.security.web.context.SecurityContextPersistenceFilter@2a30b0cb, org.springframework.security.web.header.HeaderWriterFilter@58b5d5fc, org.springframework.web.filter.CorsFilter@1d1fd2aa, org.springframework.security.web.authentication.logout.LogoutFilter@1f6e6f50, com.example.demo.security.JWTAuthenticationFilter@4c78e00c, com.example.demo.security.JWTAuthenticationVerificationFilter@22b3b5d0, org.springframework.security.web.savedrequest.RequestCacheAwareFilter@8e3449e, org.springframework.security.web.servletapi.SecurityContextHolderAwareRequestFilter@1c5cd2ea, org.springframework.security.web.authentication.AnonymousAuthenticationFilter@2b506a79, org.springframework.security.web.session.SessionManagementFilter@7591cbd1, org.springframework.security.web.access.ExceptionTranslationFilter@44ae6b66, org.springframework.security.web.access.intercept.FilterSecurityInterceptor@4a14f7d7]
2023-11-04 16:42:05.459  INFO 16212 --- [main] o.s.s.concurrent.ThreadPoolTaskExecutor  : Initializing ExecutorService 'applicationTaskExecutor'
2023-11-04 16:42:05.558  WARN 16212 --- [main] aWebConfiguration$JpaWebMvcConfiguration : spring.jpa.open-in-view is enabled by default. Therefore, database queries may be performed during view rendering. Explicitly configure spring.jpa.open-in-view to disable this warning
2023-11-04 16:42:05.926  INFO 16212 --- [main] o.s.b.w.embedded.tomcat.TomcatWebServer  : Tomcat started on port(s): 8080 (http) with context path ''
2023-11-04 16:42:05.930  INFO 16212 --- [main] com.example.demo.SareetaApplication      : Started SareetaApplication in 9.252 seconds (JVM running for 10.119)
