2023-11-06 14:02:07.233  INFO 3308 --- [main] com.example.demo.SareetaApplication      : Starting SareetaApplication on LAPTOP-979V3GD4 with PID 3308 (started by ADMIN ASUS in C:\Users\ADMIN ASUS\Downloads\Project4\nd035-c4-Security-and-DevOps-master)
2023-11-06 14:02:07.240  INFO 3308 --- [main] com.example.demo.SareetaApplication      : No active profile set, falling back to default profiles: default
2023-11-06 14:02:08.360  INFO 3308 --- [main] .s.d.r.c.RepositoryConfigurationDelegate : Bootstrapping Spring Data repositories in DEFAULT mode.
2023-11-06 14:02:08.476  INFO 3308 --- [main] .s.d.r.c.RepositoryConfigurationDelegate : Finished Spring Data repository scanning in 98ms. Found 4 repository interfaces.
2023-11-06 14:02:09.448  INFO 3308 --- [main] trationDelegate$BeanPostProcessorChecker : Bean 'org.springframework.transaction.annotation.ProxyTransactionManagementConfiguration' of type [org.springframework.transaction.annotation.ProxyTransactionManagementConfiguration$$EnhancerBySpringCGLIB$$1b4c083] is not eligible for getting processed by all BeanPostProcessors (for example: not eligible for auto-proxying)
2023-11-06 14:02:10.282  INFO 3308 --- [main] o.s.b.w.embedded.tomcat.TomcatWebServer  : Tomcat initialized with port(s): 8080 (http)
2023-11-06 14:02:10.334  INFO 3308 --- [main] o.apache.catalina.core.StandardService   : Starting service [Tomcat]
2023-11-06 14:02:10.334  INFO 3308 --- [main] org.apache.catalina.core.StandardEngine  : Starting Servlet engine: [Apache Tomcat/9.0.19]
2023-11-06 14:02:10.556  INFO 3308 --- [main] o.a.c.c.C.[Tomcat].[localhost].[/]       : Initializing Spring embedded WebApplicationContext
2023-11-06 14:02:10.556  INFO 3308 --- [main] o.s.web.context.ContextLoader            : Root WebApplicationContext: initialization completed in 3108 ms
2023-11-06 14:02:10.886  INFO 3308 --- [main] com.zaxxer.hikari.HikariDataSource       : HikariPool-1 - Starting...
2023-11-06 14:02:11.182  INFO 3308 --- [main] com.zaxxer.hikari.HikariDataSource       : HikariPool-1 - Start completed.
2023-11-06 14:02:11.302  INFO 3308 --- [main] o.hibernate.jpa.internal.util.LogHelper  : HHH000204: Processing PersistenceUnitInfo [
	name: default
	...]
2023-11-06 14:02:11.432  INFO 3308 --- [main] org.hibernate.Version                    : HHH000412: Hibernate Core {5.3.10.Final}
2023-11-06 14:02:11.435  INFO 3308 --- [main] org.hibernate.cfg.Environment            : HHH000206: hibernate.properties not found
2023-11-06 14:02:11.662  INFO 3308 --- [main] o.hibernate.annotations.common.Version   : HCANN000001: Hibernate Commons Annotations {5.0.4.Final}
2023-11-06 14:02:11.869  INFO 3308 --- [main] org.hibernate.dialect.Dialect            : HHH000400: Using dialect: org.hibernate.dialect.H2Dialect
2023-11-06 14:02:13.006  INFO 3308 --- [main] j.LocalContainerEntityManagerFactoryBean : Initialized JPA EntityManagerFactory for persistence unit 'default'
2023-11-06 14:02:13.849  INFO 3308 --- [main] o.s.s.web.DefaultSecurityFilterChain     : Creating filter chain: any request, [org.springframework.security.web.context.request.async.WebAsyncManagerIntegrationFilter@3cab07dd, org.springframework.security.web.context.SecurityContextPersistenceFilter@238280df, org.springframework.security.web.header.HeaderWriterFilter@5bf1b528, org.springframework.web.filter.CorsFilter@68f264bf, org.springframework.security.web.authentication.logout.LogoutFilter@319058ce, com.example.demo.security.JWTAuthenticationFilter@77988c45, com.example.demo.security.JWTAuthenticationVerificationFilter@f5f8de2, org.springframework.security.web.savedrequest.RequestCacheAwareFilter@5dc120ab, org.springframework.security.web.servletapi.SecurityContextHolderAwareRequestFilter@35b58254, org.springframework.security.web.authentication.AnonymousAuthenticationFilter@6baee63b, org.springframework.security.web.session.SessionManagementFilter@1c3b221f, org.springframework.security.web.access.ExceptionTranslationFilter@6f2bf657, org.springframework.security.web.access.intercept.FilterSecurityInterceptor@77d58f3a]
2023-11-06 14:02:14.060  INFO 3308 --- [main] o.s.s.concurrent.ThreadPoolTaskExecutor  : Initializing ExecutorService 'applicationTaskExecutor'
2023-11-06 14:02:14.132  WARN 3308 --- [main] aWebConfiguration$JpaWebMvcConfiguration : spring.jpa.open-in-view is enabled by default. Therefore, database queries may be performed during view rendering. Explicitly configure spring.jpa.open-in-view to disable this warning
2023-11-06 14:02:14.425  INFO 3308 --- [main] o.s.b.w.embedded.tomcat.TomcatWebServer  : Tomcat started on port(s): 8080 (http) with context path ''
2023-11-06 14:02:14.431  INFO 3308 --- [main] com.example.demo.SareetaApplication      : Started SareetaApplication in 7.965 seconds (JVM running for 8.702)
2023-11-06 14:08:12.255  INFO 3308 --- [http-nio-8080-exec-1] o.a.c.c.C.[Tomcat].[localhost].[/]       : Initializing Spring DispatcherServlet 'dispatcherServlet'
2023-11-06 14:08:12.264  INFO 3308 --- [http-nio-8080-exec-1] o.s.web.servlet.DispatcherServlet        : Initializing Servlet 'dispatcherServlet'
2023-11-06 14:08:12.288  INFO 3308 --- [http-nio-8080-exec-1] o.s.web.servlet.DispatcherServlet        : Completed initialization in 24 ms
2023-11-06 14:08:54.423  INFO 3308 --- [http-nio-8080-exec-3] c.e.demo.controllers.UserController      : Create new user thaoCn created
2023-11-06 14:09:01.023  INFO 3308 --- [http-nio-8080-exec-4] c.e.demo.controllers.UserController      : Create new user thaoCn1 created
2023-11-06 14:09:05.690  INFO 3308 --- [http-nio-8080-exec-5] c.e.demo.controllers.UserController      : Create new user thaoCn2 created
2023-11-06 14:09:09.132  INFO 3308 --- [http-nio-8080-exec-6] c.e.demo.controllers.UserController      : Create new user thaoCn3 created
2023-11-06 14:10:12.607  INFO 3308 --- [http-nio-8080-exec-7] c.e.demo.controllers.UserController      : Create new user thaoCn4 created
2023-11-06 14:11:16.996  INFO 3308 --- [http-nio-8080-exec-8] c.e.demo.controllers.UserController      : Create new user thaoCn5 created
2023-11-06 14:11:21.445  INFO 3308 --- [http-nio-8080-exec-9] c.e.demo.controllers.UserController      : Create new user thaoCn6 created
2023-11-06 14:11:25.298  INFO 3308 --- [http-nio-8080-exec-10] c.e.demo.controllers.UserController      : Create new user thaoCn7 created
2023-11-06 14:11:29.197  INFO 3308 --- [http-nio-8080-exec-2] c.e.demo.controllers.UserController      : Create new user thaoCn8 created
2023-11-06 14:11:33.237  INFO 3308 --- [http-nio-8080-exec-1] c.e.demo.controllers.UserController      : Create new user thaoCn9 created
2023-11-06 14:11:39.259  INFO 3308 --- [http-nio-8080-exec-3] c.e.demo.controllers.UserController      : Create new user thaoCn10 created
